<?xml version="1.0" encoding="UTF-8"?>
<!-- Generated by org.testng.reporters.JUnitXMLReporter -->
<testsuite hostname="DESKTOP-3BHS2BP" ignored="0" name="Test" tests="3" failures="2" timestamp="2021-02-06T00:04:42 CST" time="81.185" errors="0">
  <testcase name="insuranceCalculate" time="17.763" classname="insuranceCalc_Motorcycle.EndToEndTests_Motorcycle"/>
  <testcase name="insuranceCalculate" time="17.395" classname="insuranceCalc_Motorcycle.EndToEndTests_Motorcycle">
    <failure type="java.lang.AssertionError" message="Pricings are not matching expected [702.00] but found [262.00]">
      <![CDATA[java.lang.AssertionError: Pricings are not matching expected [702.00] but found [262.00]
at insuranceCalc_Motorcycle.EndToEndTests_Motorcycle.insuranceCalculate(EndToEndTests_Motorcycle.java:37)
at java.util.ArrayList.forEach(ArrayList.java:1259)
... Removed 32 stack frames]]>
    </failure>
  </testcase> <!-- insuranceCalculate -->
  <testcase name="insuranceCalculate" time="18.275" classname="insuranceCalc_Motorcycle.EndToEndTests_Motorcycle">
    <failure type="java.lang.AssertionError" message="Pricings are not matching expected [87.00] but found [274.00]">
      <![CDATA[java.lang.AssertionError: Pricings are not matching expected [87.00] but found [274.00]
at insuranceCalc_Motorcycle.EndToEndTests_Motorcycle.insuranceCalculate(EndToEndTests_Motorcycle.java:36)
at java.util.ArrayList.forEach(ArrayList.java:1259)
... Removed 32 stack frames]]>
    </failure>
  </testcase> <!-- insuranceCalculate -->
</testsuite> <!-- Test -->
