<?xml version="1.0" encoding="UTF-8"?>
<!-- Generated by org.testng.reporters.JUnitXMLReporter -->
<testsuite hostname="DESKTOP-3BHS2BP" ignored="0" name="Test" tests="4" failures="0" timestamp="2021-01-31T15:10:50 CST" time="9.327" errors="0">
  <testcase name="test1" time="0.002" classname="Rough.Batch1"/>
  <testcase name="test2" time="0.0" classname="Rough.Batch1"/>
  <testcase name="test3" time="0.001" classname="Rough.Batch1"/>
  <testcase name="test4" time="0.001" classname="Rough.Batch1"/>
</testsuite> <!-- Test -->
