-------------------------------------------------------------------------------
Test set: TestSuite
-------------------------------------------------------------------------------
Tests run: 6, Failures: 1, Errors: 0, Skipped: 1, Time elapsed: 39.553 s <<< FAILURE! - in TestSuite
Tests.UserLoginTests.DesignerLoginTest  Time elapsed: 2.844 s  <<< FAILURE!
java.lang.AssertionError: expected [true] but found [false]
	at Tests.UserLoginTests.DesignerLoginTest(UserLoginTests.java:30)

