<?xml version="1.0" encoding="UTF-8"?>
<testsuite xmlns:xsi="http://www.w3.org/2001/XMLSchema-instance" xsi:noNamespaceSchemaLocation="https://maven.apache.org/surefire/maven-surefire-plugin/xsd/surefire-test-report-3.0.xsd" version="3.0" name="TestSuite" time="39.553" tests="6" errors="0" skipped="1" failures="1">
  <properties>
[...]
</properties>
  <testcase name="TaskCreationTest[{UserName=administrator@localhost.com, TaskPriority=Medum, Sr No=1, Label=Task, AttachmentFilePath=G:\1. My Cources\Test Case.docx, ProjectToCreateTaskUnder=New Development - Internal WebSite, TaskStatus=Open, EndDate=2020-09-29, Test Case Name=CreateTask with Open Status, StartDate=2020-09-28, TaskName=dev1, TaskType=Change Priority Rate (Hourly rate $25.00), Test Case Description=, Password=administrator, CurrentProgress=0.05}](1)" classname="Tests.TestCase" time="2.218">
    <system-err><![CDATA[[TestNG-test=Test-2] INFO io.github.bonigarcia.wdm.WebDriverManager - Using chromedriver 88.0.4324.96 (resolved driver for Chrome 88)
[TestNG-test=Test-2] INFO io.github.bonigarcia.wdm.WebDriverManager - Exporting webdriver.chrome.driver as C:\Users\Vishal\.cache\selenium\chromedriver\win32\88.0.4324.96\chromedriver.exe
[TestNG-test=Test-1] INFO io.github.bonigarcia.wdm.WebDriverManager - Using chromedriver 88.0.4324.96 (resolved driver for Chrome 88)
[TestNG-test=Test-1] INFO io.github.bonigarcia.wdm.WebDriverManager - Exporting webdriver.chrome.driver as C:\Users\Vishal\.cache\selenium\chromedriver\win32\88.0.4324.96\chromedriver.exe
ChromeDriver was started successfully.
ChromeDriver was started successfully.
Feb 11, 2021 7:56:35 PM org.openqa.selenium.remote.ProtocolHandshake createSession
INFO: Detected dialect: W3C
Feb 11, 2021 7:56:35 PM org.openqa.selenium.remote.ProtocolHandshake createSession
INFO: Detected dialect: W3C
]]></system-err>
  </testcase>
  <testcase name="TaskCreationTest[{UserName=administrator@localhost.com, TaskPriority=Urgent, Sr No=2, Label=Bug, AttachmentFilePath=G:\1. My Cources\Test Case.docx, ProjectToCreateTaskUnder=Maintenance work - Client CTX - Tremox XT5, TaskStatus=Re-opened, EndDate=2020-09-30, Test Case Name=Create Defect wtith Reopen Status, StartDate=2020-09-28, TaskName=dev2, TaskType=Defects (Hourly rate $0.00), Test Case Description=, Password=administrator, CurrentProgress=0.95}](2)" classname="Tests.TestCase" time="1.483">
    <system-err><![CDATA[[TestNG-test=Test-2] INFO io.github.bonigarcia.wdm.WebDriverManager - Using chromedriver 88.0.4324.96 (resolved driver for Chrome 88)
[TestNG-test=Test-2] INFO io.github.bonigarcia.wdm.WebDriverManager - Exporting webdriver.chrome.driver as C:\Users\Vishal\.cache\selenium\chromedriver\win32\88.0.4324.96\chromedriver.exe
ChromeDriver was started successfully.
Feb 11, 2021 7:56:41 PM org.openqa.selenium.remote.ProtocolHandshake createSession
INFO: Detected dialect: W3C
Feb 11, 2021 7:56:42 PM org.openqa.selenium.remote.ProtocolHandshake createSession
INFO: Detected dialect: W3C
]]></system-err>
  </testcase>
  <testcase name="ClientLoginTest" classname="Tests.UserLoginTests" time="3.173">
    <system-err><![CDATA[[TestNG-test=Test-1] INFO io.github.bonigarcia.wdm.WebDriverManager - Using chromedriver 88.0.4324.96 (resolved driver for Chrome 88)
[TestNG-test=Test-1] INFO io.github.bonigarcia.wdm.WebDriverManager - Exporting webdriver.chrome.driver as C:\Users\Vishal\.cache\selenium\chromedriver\win32\88.0.4324.96\chromedriver.exe
ChromeDriver was started successfully.
]]></system-err>
  </testcase>
  <testcase name="DesignerLoginTest" classname="Tests.UserLoginTests" time="0">
    <skipped message="expected [true] but found [false]"/>
  </testcase>
  <testcase name="DesignerLoginTest" classname="Tests.UserLoginTests" time="2.844">
    <failure message="expected [true] but found [false]" type="java.lang.AssertionError"><![CDATA[java.lang.AssertionError: expected [true] but found [false]
	at Tests.UserLoginTests.DesignerLoginTest(UserLoginTests.java:30)
]]></failure>
    <system-err><![CDATA[[TestNG-test=Test-2] INFO io.github.bonigarcia.wdm.WebDriverManager - Using chromedriver 88.0.4324.96 (resolved driver for Chrome 88)
[TestNG-test=Test-2] INFO io.github.bonigarcia.wdm.WebDriverManager - Exporting webdriver.chrome.driver as C:\Users\Vishal\.cache\selenium\chromedriver\win32\88.0.4324.96\chromedriver.exe
ChromeDriver was started successfully.
Feb 11, 2021 7:56:51 PM org.openqa.selenium.remote.ProtocolHandshake createSession
INFO: Detected dialect: W3C
]]></system-err>
  </testcase>
  <testcase name="ManagerLoginTest" classname="Tests.UserLoginTests" time="3.545">
    <system-err><![CDATA[[TestNG-test=Test-2] INFO io.github.bonigarcia.wdm.WebDriverManager - Using chromedriver 88.0.4324.96 (resolved driver for Chrome 88)
[TestNG-test=Test-2] INFO io.github.bonigarcia.wdm.WebDriverManager - Exporting webdriver.chrome.driver as C:\Users\Vishal\.cache\selenium\chromedriver\win32\88.0.4324.96\chromedriver.exe
ChromeDriver was started successfully.
Feb 11, 2021 7:57:01 PM org.openqa.selenium.remote.ProtocolHandshake createSession
INFO: Detected dialect: W3C
]]></system-err>
  </testcase>
</testsuite>