<?xml version="1.0" encoding="UTF-8"?>
<testng-results ignored="0" total="2" passed="2" failed="0" skipped="0">
  <reporter-output>
  </reporter-output>
  <suite started-at="2021-01-31T02:34:27 CST" name="Suite" finished-at="2021-01-31T02:34:40 CST" duration-ms="12655">
    <groups>
    </groups>
    <test started-at="2021-01-31T02:34:27 CST" name="Test" finished-at="2021-01-31T02:34:40 CST" duration-ms="12655">
      <class name="Rough.Batch1">
        <test-method signature="test1()[pri:0, instance:Rough.Batch1@6497b078]" started-at="2021-01-31T02:34:27 CST" name="test1" finished-at="2021-01-31T02:34:33 CST" duration-ms="6284" status="PASS">
          <reporter-output>
          </reporter-output>
        </test-method> <!-- test1 -->
        <test-method signature="test2()[pri:0, instance:Rough.Batch1@6497b078]" started-at="2021-01-31T02:34:33 CST" name="test2" finished-at="2021-01-31T02:34:40 CST" duration-ms="6303" status="PASS">
          <reporter-output>
          </reporter-output>
        </test-method> <!-- test2 -->
      </class> <!-- Rough.Batch1 -->
    </test> <!-- Test -->
  </suite> <!-- Suite -->
</testng-results>
